4/9/2024, 11:57:13 AM - bot.on('message'
 TypeError 
 Cannot read properties of undefined (reading '_bn')
 TypeError: Cannot read properties of undefined (reading '_bn')
    at isPublicKeyData (/Users/danielguerrero/workspace/SOLANA/mvx-sol-bot/node_modules/@solana/web3.js/src/publickey.ts:39:35)
    at new PublicKey (/Users/danielguerrero/workspace/SOLANA/mvx-sol-bot/node_modules/@solana/web3.js/src/publickey.ts:58:9)
    at setSnipe (/Users/danielguerrero/workspace/SOLANA/mvx-sol-bot/src/service/portfolio/strategies/snipper.ts:57:24)
    at snipperON (/Users/danielguerrero/workspace/SOLANA/mvx-sol-bot/src/service/portfolio/strategies/snipper.ts:50:50)
    at processTicksAndRejections (node:internal/process/task_queues:95:5)
    at async /Users/danielguerrero/workspace/SOLANA/mvx-sol-bot/src/bot.ts:390:13
    at async /Users/danielguerrero/workspace/SOLANA/mvx-sol-bot/node_modules/grammy/out/composer.js:532:13
    at async /Users/danielguerrero/workspace/SOLANA/mvx-sol-bot/node_modules/grammy/out/composer.js:61:13
    at async /Users/danielguerrero/workspace/SOLANA/mvx-sol-bot/node_modules/grammy/out/composer.js:532:13
    at async /Users/danielguerrero/workspace/SOLANA/mvx-sol-bot/node_modules/grammy/out/composer.js:61:13
 4/9/2024, 11:33:08 PM - bot.on('message'
 TypeError 
 Cannot read properties of undefined (reading 'id')
 TypeError: Cannot read properties of undefined (reading 'id')
    at snipperON (/Users/danielguerrero/workspace/SOLANA/mvx-sol-bot/src/service/portfolio/strategies/snipper.ts:48:64)
    at processTicksAndRejections (node:internal/process/task_queues:95:5)
    at async /Users/danielguerrero/workspace/SOLANA/mvx-sol-bot/src/bot.ts:390:13
    at async /Users/danielguerrero/workspace/SOLANA/mvx-sol-bot/node_modules/grammy/out/composer.js:532:13
    at async /Users/danielguerrero/workspace/SOLANA/mvx-sol-bot/node_modules/grammy/out/composer.js:61:13
    at async /Users/danielguerrero/workspace/SOLANA/mvx-sol-bot/node_modules/grammy/out/composer.js:532:13
    at async /Users/danielguerrero/workspace/SOLANA/mvx-sol-bot/node_modules/grammy/out/composer.js:61:13
    at async /Users/danielguerrero/workspace/SOLANA/mvx-sol-bot/node_modules/grammy/out/composer.js:532:13
    at async /Users/danielguerrero/workspace/SOLANA/mvx-sol-bot/node_modules/grammy/out/composer.js:61:13
    at async /Users/danielguerrero/workspace/SOLANA/mvx-sol-bot/node_modules/grammy/out/composer.js:532:13
 4/10/2024, 12:14:07 AM - bot.on('message'
 TypeError 
 Cannot read properties of null (reading 'id')
 TypeError: Cannot read properties of null (reading 'id')
    at snipperON (/Users/danielguerrero/workspace/SOLANA/mvx-sol-bot/src/service/portfolio/strategies/snipper.ts:53:64)
    at processTicksAndRejections (node:internal/process/task_queues:95:5)
    at async /Users/danielguerrero/workspace/SOLANA/mvx-sol-bot/src/bot.ts:402:13
    at async /Users/danielguerrero/workspace/SOLANA/mvx-sol-bot/node_modules/grammy/out/composer.js:532:13
    at async /Users/danielguerrero/workspace/SOLANA/mvx-sol-bot/node_modules/grammy/out/composer.js:61:13
    at async /Users/danielguerrero/workspace/SOLANA/mvx-sol-bot/node_modules/grammy/out/composer.js:532:13
    at async /Users/danielguerrero/workspace/SOLANA/mvx-sol-bot/node_modules/grammy/out/composer.js:61:13
    at async /Users/danielguerrero/workspace/SOLANA/mvx-sol-bot/node_modules/grammy/out/composer.js:532:13
    at async /Users/danielguerrero/workspace/SOLANA/mvx-sol-bot/node_modules/grammy/out/composer.js:61:13
    at async /Users/danielguerrero/workspace/SOLANA/mvx-sol-bot/node_modules/grammy/out/composer.js:532:13
 4/10/2024, 12:15:26 AM - bot.on('message'
 TypeError 
 Cannot read properties of null (reading 'id')
 TypeError: Cannot read properties of null (reading 'id')
    at snipperON (/Users/danielguerrero/workspace/SOLANA/mvx-sol-bot/src/service/portfolio/strategies/snipper.ts:53:64)
    at processTicksAndRejections (node:internal/process/task_queues:95:5)
    at async /Users/danielguerrero/workspace/SOLANA/mvx-sol-bot/src/bot.ts:402:13
    at async /Users/danielguerrero/workspace/SOLANA/mvx-sol-bot/node_modules/grammy/out/composer.js:532:13
    at async /Users/danielguerrero/workspace/SOLANA/mvx-sol-bot/node_modules/grammy/out/composer.js:61:13
    at async /Users/danielguerrero/workspace/SOLANA/mvx-sol-bot/node_modules/grammy/out/composer.js:532:13
    at async /Users/danielguerrero/workspace/SOLANA/mvx-sol-bot/node_modules/grammy/out/composer.js:61:13
    at async /Users/danielguerrero/workspace/SOLANA/mvx-sol-bot/node_modules/grammy/out/composer.js:532:13
    at async /Users/danielguerrero/workspace/SOLANA/mvx-sol-bot/node_modules/grammy/out/composer.js:61:13
    at async /Users/danielguerrero/workspace/SOLANA/mvx-sol-bot/node_modules/grammy/out/composer.js:532:13
 4/13/2024, 2:56:34 PM - callback_query
 GrammyError 
 Call to 'editMessageText' failed! (400: Bad Request: message is not modified: specified new message content and reply markup are exactly the same as a current content and reply markup of the message)
 GrammyError: Call to 'editMessageText' failed! (400: Bad Request: message is not modified: specified new message content and reply markup are exactly the same as a current content and reply markup of the message)
    at toGrammyError (/Users/danielguerrero/workspace/SOLANA/mvx-sol-bot/node_modules/grammy/out/core/error.js:35:12)
    at ApiClient.callApi (/Users/danielguerrero/workspace/SOLANA/mvx-sol-bot/node_modules/grammy/out/core/client.js:90:48)
    at processTicksAndRejections (node:internal/process/task_queues:95:5)
    at async RefreshAllWallets (/Users/danielguerrero/workspace/SOLANA/mvx-sol-bot/src/views/refreshData/RefresHandleWallets.ts:53:5)
    at async /Users/danielguerrero/workspace/SOLANA/mvx-sol-bot/src/bot.ts:711:9
    at async /Users/danielguerrero/workspace/SOLANA/mvx-sol-bot/node_modules/grammy/out/composer.js:532:13
    at async /Users/danielguerrero/workspace/SOLANA/mvx-sol-bot/node_modules/grammy/out/composer.js:61:13
    at async /Users/danielguerrero/workspace/SOLANA/mvx-sol-bot/node_modules/grammy/out/composer.js:532:13
    at async /Users/danielguerrero/workspace/SOLANA/mvx-sol-bot/node_modules/grammy/out/composer.js:61:13
    at async /Users/danielguerrero/workspace/SOLANA/mvx-sol-bot/node_modules/grammy/out/composer.js:532:13
 